c:\kerneldeving\nuke\nukeclear\x64\release\vc143.pdb
c:\kerneldeving\nuke\nukeclear\x64\release\nukin.obj
c:\kerneldeving\nuke\nukeclear\x64\release\events.obj
c:\kerneldeving\nuke\nukeclear\x64\release\communication.obj
c:\kerneldeving\nuke\nukeclear\x64\release\memory.obj
c:\kerneldeving\nuke\nukeclear\x64\release\nukeclear.sys
c:\kerneldeving\nuke\nukeclear\x64\release\nukeclear.pdb
c:\kerneldeving\nuke\nukeclear\x64\release\nukeclear\nukeclear.cat
c:\kerneldeving\nuke\nukeclear\x64\release\nukeclear.inf
c:\kerneldeving\nuke\nukeclear\x64\release\nukeclear.cer
c:\kerneldeving\nuke\nukeclear\x64\release\nukeclear.vcxproj.cppwinrt_comp.rsp
c:\kerneldeving\nuke\nukeclear\x64\release\nukeclear.vcxproj.cppwinrt_plat.rsp
c:\kerneldeving\nuke\nukeclear\x64\release\nukeclear.vcxproj.mdmerge.rsp
c:\kerneldeving\nuke\nukeclear\x64\release\nukeclear.vcxproj.midlrt.rsp
c:\kerneldeving\nuke\nukeclear\x64\release\nukeclear.tlog\cl.command.1.tlog
c:\kerneldeving\nuke\nukeclear\x64\release\nukeclear.tlog\cl.items.tlog
c:\kerneldeving\nuke\nukeclear\x64\release\nukeclear.tlog\cl.read.1.tlog
c:\kerneldeving\nuke\nukeclear\x64\release\nukeclear.tlog\cl.write.1.tlog
c:\kerneldeving\nuke\nukeclear\x64\release\nukeclear.tlog\inf2cat-expand.7612.read.1.tlog
c:\kerneldeving\nuke\nukeclear\x64\release\nukeclear.tlog\inf2cat-expand.7612.write.1.tlog
c:\kerneldeving\nuke\nukeclear\x64\release\nukeclear.tlog\inf2cat-expand.read.1.tlog
c:\kerneldeving\nuke\nukeclear\x64\release\nukeclear.tlog\inf2cat-expand.write.1.tlog
c:\kerneldeving\nuke\nukeclear\x64\release\nukeclear.tlog\inf2cat.command.1.tlog
c:\kerneldeving\nuke\nukeclear\x64\release\nukeclear.tlog\link.command.1.tlog
c:\kerneldeving\nuke\nukeclear\x64\release\nukeclear.tlog\link.read.1.tlog
c:\kerneldeving\nuke\nukeclear\x64\release\nukeclear.tlog\link.read.2.tlog
c:\kerneldeving\nuke\nukeclear\x64\release\nukeclear.tlog\link.read.3.tlog
c:\kerneldeving\nuke\nukeclear\x64\release\nukeclear.tlog\link.read.4.tlog
c:\kerneldeving\nuke\nukeclear\x64\release\nukeclear.tlog\link.secondary.1.tlog
c:\kerneldeving\nuke\nukeclear\x64\release\nukeclear.tlog\link.write.1.tlog
c:\kerneldeving\nuke\nukeclear\x64\release\nukeclear.tlog\signtool.command.1.tlog
c:\kerneldeving\nuke\nukeclear\x64\release\nukeclear.tlog\signtool.read.1.tlog
c:\kerneldeving\nuke\nukeclear\x64\release\nukeclear.tlog\signtool.timestamp.1.tlog
c:\kerneldeving\nuke\nukeclear\x64\release\nukeclear.tlog\signtool.write.1.tlog
c:\kerneldeving\nuke\nukeclear\x64\release\nukeclear.tlog\stampinf.command.1.tlog
c:\kerneldeving\nuke\nukeclear\x64\release\nukeclear.tlog\stampinf.read.1.tlog
c:\kerneldeving\nuke\nukeclear\x64\release\nukeclear.tlog\stampinf.write.1.tlog
